0 info it worked if it ends with ok
1 verbose cli [ 'node', '/usr/local/bin/npm', 'install', 'hexo', '-g' ]
2 info using npm@1.4.28
3 info using node@v0.10.33
4 verbose cache add [ 'hexo', null ]
5 verbose cache add name=undefined spec="hexo" args=["hexo",null]
6 verbose parsed url { protocol: null,
6 verbose parsed url   slashes: null,
6 verbose parsed url   auth: null,
6 verbose parsed url   host: null,
6 verbose parsed url   port: null,
6 verbose parsed url   hostname: null,
6 verbose parsed url   hash: null,
6 verbose parsed url   search: null,
6 verbose parsed url   query: null,
6 verbose parsed url   pathname: 'hexo',
6 verbose parsed url   path: 'hexo',
6 verbose parsed url   href: 'hexo' }
7 silly lockFile 3f1a2efe-hexo hexo
8 verbose lock hexo /Users/MookCake/.npm/3f1a2efe-hexo.lock
9 silly lockFile 3f1a2efe-hexo hexo
10 silly lockFile 3f1a2efe-hexo hexo
11 verbose addNamed [ 'hexo', '' ]
12 verbose addNamed [ null, '*' ]
13 silly lockFile c225e5a0-hexo hexo@
14 verbose lock hexo@ /Users/MookCake/.npm/c225e5a0-hexo.lock
15 silly addNameRange { name: 'hexo', range: '*', hasData: false }
16 verbose request where is /hexo
17 verbose request registry https://registry.npmjs.org/
18 verbose request id b5a3ae6c31edab1b
19 verbose url raw /hexo
20 verbose url resolving [ 'https://registry.npmjs.org/', './hexo' ]
21 verbose url resolved https://registry.npmjs.org/hexo
22 verbose request where is https://registry.npmjs.org/hexo
23 info trying registry request attempt 1 at 15:12:36
24 http GET https://registry.npmjs.org/hexo
25 http 200 https://registry.npmjs.org/hexo
26 silly registry.get cb [ 200,
26 silly registry.get   { date: 'Sat, 15 Nov 2014 07:12:37 GMT',
26 silly registry.get     server: 'CouchDB/1.5.0 (Erlang OTP/R16B03)',
26 silly registry.get     etag: '"ELV3WGSHJ08VXVSM837L77Z4Y"',
26 silly registry.get     'content-type': 'application/json',
26 silly registry.get     'cache-control': 'max-age=60',
26 silly registry.get     'content-length': '130714',
26 silly registry.get     'accept-ranges': 'bytes',
26 silly registry.get     via: '1.1 varnish',
26 silly registry.get     age: '0',
26 silly registry.get     'x-served-by': 'cache-ty68-TYO',
26 silly registry.get     'x-cache': 'HIT',
26 silly registry.get     'x-cache-hits': '1',
26 silly registry.get     'x-timer': 'S1416035557.351905,VS0,VE125',
26 silly registry.get     vary: 'Accept',
26 silly registry.get     'keep-alive': 'timeout=10, max=50',
26 silly registry.get     connection: 'Keep-Alive' } ]
27 silly addNameRange number 2 { name: 'hexo', range: '*', hasData: true }
28 silly addNameRange versions [ 'hexo',
28 silly addNameRange   [ '0.0.1',
28 silly addNameRange     '0.0.2',
28 silly addNameRange     '0.0.3',
28 silly addNameRange     '0.0.4',
28 silly addNameRange     '0.0.5',
28 silly addNameRange     '0.0.6',
28 silly addNameRange     '0.1.0',
28 silly addNameRange     '0.1.1',
28 silly addNameRange     '0.1.2',
28 silly addNameRange     '0.1.3',
28 silly addNameRange     '0.1.4',
28 silly addNameRange     '0.1.5',
28 silly addNameRange     '0.1.6',
28 silly addNameRange     '0.1.7',
28 silly addNameRange     '0.1.8',
28 silly addNameRange     '0.1.9',
28 silly addNameRange     '0.1.10',
28 silly addNameRange     '0.1.11',
28 silly addNameRange     '0.2.0',
28 silly addNameRange     '0.2.1',
28 silly addNameRange     '0.3.0',
28 silly addNameRange     '0.3.1',
28 silly addNameRange     '0.3.2',
28 silly addNameRange     '0.4.0',
28 silly addNameRange     '0.4.1',
28 silly addNameRange     '0.4.2',
28 silly addNameRange     '0.4.3',
28 silly addNameRange     '0.4.4',
28 silly addNameRange     '0.4.5',
28 silly addNameRange     '0.5.0',
28 silly addNameRange     '0.5.1',
28 silly addNameRange     '0.5.2',
28 silly addNameRange     '0.5.3',
28 silly addNameRange     '0.5.4',
28 silly addNameRange     '0.5.5',
28 silly addNameRange     '0.5.6',
28 silly addNameRange     '0.5.7',
28 silly addNameRange     '0.5.8',
28 silly addNameRange     '0.5.9',
28 silly addNameRange     '0.5.10',
28 silly addNameRange     '0.5.11',
28 silly addNameRange     '0.5.12',
28 silly addNameRange     '1.0.0',
28 silly addNameRange     '1.0.1',
28 silly addNameRange     '1.0.2',
28 silly addNameRange     '1.0.3',
28 silly addNameRange     '1.0.4',
28 silly addNameRange     '1.0.5',
28 silly addNameRange     '1.0.6',
28 silly addNameRange     '1.0.7',
28 silly addNameRange     '1.0.8',
28 silly addNameRange     '1.0.9',
28 silly addNameRange     '1.1.0',
28 silly addNameRange     '1.1.1',
28 silly addNameRange     '1.1.2',
28 silly addNameRange     '1.1.3',
28 silly addNameRange     '1.1.4',
28 silly addNameRange     '1.2.0',
28 silly addNameRange     '1.2.1',
28 silly addNameRange     '1.2.2',
28 silly addNameRange     '1.2.3',
28 silly addNameRange     '1.2.4',
28 silly addNameRange     '2.0.0-beta2',
28 silly addNameRange     '2.0.0-rc1',
28 silly addNameRange     '2.0.0-rc2',
28 silly addNameRange     '2.0.0-beta1',
28 silly addNameRange     '2.0.0-rc3',
28 silly addNameRange     '2.0.0',
28 silly addNameRange     '2.0.1',
28 silly addNameRange     '2.0.2',
28 silly addNameRange     '2.0.3',
28 silly addNameRange     '2.0.4',
28 silly addNameRange     '2.0.5',
28 silly addNameRange     '2.0.6',
28 silly addNameRange     '2.0.7',
28 silly addNameRange     '2.1.0',
28 silly addNameRange     '2.1.1',
28 silly addNameRange     '2.2.0',
28 silly addNameRange     '2.2.1',
28 silly addNameRange     '2.3.0',
28 silly addNameRange     '2.4.0',
28 silly addNameRange     '2.4.1',
28 silly addNameRange     '2.4.2',
28 silly addNameRange     '2.4.3',
28 silly addNameRange     '2.4.4',
28 silly addNameRange     '2.4.5',
28 silly addNameRange     '2.5.1',
28 silly addNameRange     '2.5.2',
28 silly addNameRange     '2.5.3',
28 silly addNameRange     '2.5.4',
28 silly addNameRange     '2.5.5',
28 silly addNameRange     '2.5.6',
28 silly addNameRange     '2.5.7',
28 silly addNameRange     '2.6.0',
28 silly addNameRange     '2.6.1',
28 silly addNameRange     '2.6.2',
28 silly addNameRange     '2.6.3',
28 silly addNameRange     '2.7.0',
28 silly addNameRange     '2.7.1',
28 silly addNameRange     '2.8.0',
28 silly addNameRange     '2.8.1',
28 silly addNameRange     '2.8.2',
28 silly addNameRange     '2.8.3' ] ]
29 verbose addNamed [ 'hexo', '2.8.3' ]
30 verbose addNamed [ '2.8.3', '2.8.3' ]
31 silly lockFile 5b4a9e86-hexo-2-8-3 hexo@2.8.3
32 verbose lock hexo@2.8.3 /Users/MookCake/.npm/5b4a9e86-hexo-2-8-3.lock
33 silly lockFile 04e97cc1-ry-npmjs-org-hexo-hexo-2-8-3-tgz https://registry.npmjs.org/hexo/-/hexo-2.8.3.tgz
34 verbose lock https://registry.npmjs.org/hexo/-/hexo-2.8.3.tgz /Users/MookCake/.npm/04e97cc1-ry-npmjs-org-hexo-hexo-2-8-3-tgz.lock
35 verbose addRemoteTarball [ 'https://registry.npmjs.org/hexo/-/hexo-2.8.3.tgz',
35 verbose addRemoteTarball   '79eb17e64b73b25d4e7abc565e039ca107cef802' ]
36 info retry fetch attempt 1 at 15:12:39
37 verbose fetch to= /var/folders/3m/zfbbz7251s98hl_ykbdpb02m0000gn/T/npm-4320-NJ8z3kFM/registry.npmjs.org/hexo/-/hexo-2.8.3.tgz
38 http GET https://registry.npmjs.org/hexo/-/hexo-2.8.3.tgz
39 http 200 https://registry.npmjs.org/hexo/-/hexo-2.8.3.tgz
40 silly lockFile 04e97cc1-ry-npmjs-org-hexo-hexo-2-8-3-tgz https://registry.npmjs.org/hexo/-/hexo-2.8.3.tgz
41 silly lockFile 04e97cc1-ry-npmjs-org-hexo-hexo-2-8-3-tgz https://registry.npmjs.org/hexo/-/hexo-2.8.3.tgz
42 silly lockFile 5b4a9e86-hexo-2-8-3 hexo@2.8.3
43 silly lockFile 5b4a9e86-hexo-2-8-3 hexo@2.8.3
44 silly lockFile c225e5a0-hexo hexo@
45 silly lockFile c225e5a0-hexo hexo@
46 silly resolved [ { name: 'hexo',
46 silly resolved     version: '2.8.3',
46 silly resolved     description: 'A fast, simple & powerful blog framework, powered by Node.js.',
46 silly resolved     main: 'lib/hexo',
46 silly resolved     bin: { hexo: './bin/hexo' },
46 silly resolved     scripts: { test: 'gulp test' },
46 silly resolved     directories: { lib: './lib', bin: './bin' },
46 silly resolved     engines: { node: '>= 0.10.0' },
46 silly resolved     repository: { type: 'git', url: 'git://github.com/hexojs/hexo.git' },
46 silly resolved     bugs: { url: 'https://github.com/hexojs/hexo/issues' },
46 silly resolved     homepage: 'http://hexo.io/',
46 silly resolved     keywords: [ 'website', 'blog', 'cms', 'framework', 'hexo' ],
46 silly resolved     author:
46 silly resolved      { name: 'Tommy Chen',
46 silly resolved        email: 'tommy351@gmail.com',
46 silly resolved        url: 'http://zespia.tw' },
46 silly resolved     license: 'MIT',
46 silly resolved     dependencies:
46 silly resolved      { async: '^0.9.0',
46 silly resolved        cheerio: '0.17.0',
46 silly resolved        chokidar: '0.8.2',
46 silly resolved        colors: '0.6.2',
46 silly resolved        compression: '^1.0.3',
46 silly resolved        connect: '3.x',
46 silly resolved        'graceful-fs': '^3.0.2',
46 silly resolved        'hexo-front-matter': '0.0.4',
46 silly resolved        'highlight.js': '8.1.0',
46 silly resolved        'js-yaml': '^3.1.0',
46 silly resolved        lodash: '^2.4.1',
46 silly resolved        mime: '^1.2.11',
46 silly resolved        minimist: '0.2.0',
46 silly resolved        moment: '^2.8.1',
46 silly resolved        morgan: '^1.1.1',
46 silly resolved        'serve-static': '^1.2.0',
46 silly resolved        'sprintf-js': '0.0.7',
46 silly resolved        'strip-indent': '^0.1.3',
46 silly resolved        swig: '1.4.1',
46 silly resolved        warehouse: '0.2.2' },
46 silly resolved     devDependencies:
46 silly resolved      { mocha: '^1.20.1',
46 silly resolved        chai: '^1.9.1',
46 silly resolved        gulp: '^3.6.2',
46 silly resolved        'gulp-jshint': '^1.5.5',
46 silly resolved        'gulp-mocha': '^0.5.1',
46 silly resolved        'jshint-stylish': '^0.4.0' },
46 silly resolved     gitHead: '9779191fead4f590a96f7f0dd4ba1b94ec29c025',
46 silly resolved     _id: 'hexo@2.8.3',
46 silly resolved     _shasum: '79eb17e64b73b25d4e7abc565e039ca107cef802',
46 silly resolved     _from: 'hexo@',
46 silly resolved     _npmVersion: '1.4.23',
46 silly resolved     _npmUser: { name: 'tommy351', email: 'tommy351@gmail.com' },
46 silly resolved     maintainers: [ [Object] ],
46 silly resolved     dist:
46 silly resolved      { shasum: '79eb17e64b73b25d4e7abc565e039ca107cef802',
46 silly resolved        tarball: 'http://registry.npmjs.org/hexo/-/hexo-2.8.3.tgz' },
46 silly resolved     _resolved: 'https://registry.npmjs.org/hexo/-/hexo-2.8.3.tgz' } ]
47 info install hexo@2.8.3 into /usr/local/lib
48 info installOne hexo@2.8.3
49 verbose lib/node_modules/hexo unbuild
50 verbose tar unpack /Users/MookCake/.npm/hexo/2.8.3/package.tgz
51 silly lockFile 9bdfa400--usr-local-lib-node-modules-hexo tar:///usr/local/lib/node_modules/hexo
52 verbose lock tar:///usr/local/lib/node_modules/hexo /Users/MookCake/.npm/9bdfa400--usr-local-lib-node-modules-hexo.lock
53 silly lockFile cbd60825-kCake-npm-hexo-2-8-3-package-tgz tar:///Users/MookCake/.npm/hexo/2.8.3/package.tgz
54 verbose lock tar:///Users/MookCake/.npm/hexo/2.8.3/package.tgz /Users/MookCake/.npm/cbd60825-kCake-npm-hexo-2-8-3-package-tgz.lock
55 silly gunzTarPerm modes [ '755', '644' ]
56 error Error: EACCES, mkdir '/usr/local/lib/node_modules/hexo'
56 error  { [Error: EACCES, mkdir '/usr/local/lib/node_modules/hexo']
56 error   errno: 3,
56 error   code: 'EACCES',
56 error   path: '/usr/local/lib/node_modules/hexo',
56 error   fstream_type: 'Directory',
56 error   fstream_path: '/usr/local/lib/node_modules/hexo',
56 error   fstream_class: 'DirWriter',
56 error   fstream_stack:
56 error    [ '/usr/local/lib/node_modules/npm/node_modules/fstream/lib/dir-writer.js:36:23',
56 error      '/usr/local/lib/node_modules/npm/node_modules/mkdirp/index.js:46:53',
56 error      'Object.oncomplete (fs.js:107:15)' ] }
57 error Please try running this command again as root/Administrator.
58 error System Darwin 14.0.0
59 error command "node" "/usr/local/bin/npm" "install" "hexo" "-g"
60 error cwd /Users/MookCake/Public/git/blog-images
61 error node -v v0.10.33
62 error npm -v 1.4.28
63 error path /usr/local/lib/node_modules/hexo
64 error fstream_path /usr/local/lib/node_modules/hexo
65 error fstream_type Directory
66 error fstream_class DirWriter
67 error code EACCES
68 error errno 3
69 error stack Error: EACCES, mkdir '/usr/local/lib/node_modules/hexo'
70 error fstream_stack /usr/local/lib/node_modules/npm/node_modules/fstream/lib/dir-writer.js:36:23
70 error fstream_stack /usr/local/lib/node_modules/npm/node_modules/mkdirp/index.js:46:53
70 error fstream_stack Object.oncomplete (fs.js:107:15)
71 verbose exit [ 3, true ]
